<?xml version="1.0" encoding="UTF-8"?>
<!-- Generated by org.testng.reporters.JUnitReportReporter -->
<testsuite skipped="0" hostname="RFLX-LPT-111" name="com.automation.mobile.script.PageObjectTestCase" tests="1" failures="0" timestamp="2021-04-11T17:21:26 IST" time="103.943" errors="0">
  <testcase name="pageObjectTestCase" time="103.943" classname="com.automation.mobile.script.PageObjectTestCase"/>
</testsuite> <!-- com.automation.mobile.script.PageObjectTestCase -->
